The contents of fo:block line 1 exceed the available area in the inline-progression direction by 2774 millipoints. (See position 25:51892)
The contents of fo:block line 1 exceed the available area in the inline-progression direction by 2034 millipoints. (See position 25:52714)
The contents of fo:block line 1 exceed the available area in the inline-progression direction by 2774 millipoints. (See position 25:53556)
Page 15: Unresolved ID reference "horizontal-crs" found.
Page 18: Unresolved ID reference "scanDirection" found.
Page 20: Unresolved ID reference "mvdvdr" found.
3 link targets could not be fully resolved and now points to the top of the page or are dysfunctional.
PDF isn't valid PDF/UA-1:
ValidationResult [flavour=ua1, totalAssertions=431060, assertions=[
TestAssertion [ruleId=RuleId [specification=ISO 14289-1:2014, clause=7.18.5, testNumber=2], status=failed,
message=Links shall contain an alternate description via their Contents key as described in ISO 32000-1:2008, 14.9.3,
location=Location [level=CosDocument, context=root/document[0]/pages[20](1269 0 obj PDPage)/annots[8](1276 0 obj PDLinkAnnot)], locationContext=null, errorMessage=null], 
TestAssertion [ruleId=RuleId [specification=ISO 14289-1:2014, clause=7.18.5, testNumber=1], status=failed,
message=Links shall be tagged according to ISO 32000-1:2008, 14.8.4.4.2, Link Element,
location=Location [level=CosDocument, context=root/document[0]/pages[20](1269 0 obj PDPage)/annots[8](1276 0 obj PDLinkAnnot)], locationContext=null, errorMessage=null], 
TestAssertion [ruleId=RuleId [specification=ISO 14289-1:2014, clause=7.18.1, testNumber=2], status=failed,
message=An annotation (except Widget annotations or hidden annotations, or those having rectangle outside the crop-box) shall have either Contents key or an Alt entry in the enclosing structure element,
location=Location [level=CosDocument, context=root/document[0]/pages[20](1269 0 obj PDPage)/annots[8](1276 0 obj PDLinkAnnot)], locationContext=null, errorMessage=null], 
TestAssertion [ruleId=RuleId [specification=ISO 14289-1:2014, clause=7.18.5, testNumber=2], status=failed,
message=Links shall contain an alternate description via their Contents key as described in ISO 32000-1:2008, 14.9.3,
location=Location [level=CosDocument, context=root/document[0]/pages[23](1514 0 obj PDPage)/annots[3](1517 0 obj PDLinkAnnot)], locationContext=null, errorMessage=null], 
TestAssertion [ruleId=RuleId [specification=ISO 14289-1:2014, clause=7.18.5, testNumber=1], status=failed,
message=Links shall be tagged according to ISO 32000-1:2008, 14.8.4.4.2, Link Element,
location=Location [level=CosDocument, context=root/document[0]/pages[23](1514 0 obj PDPage)/annots[3](1517 0 obj PDLinkAnnot)], locationContext=null, errorMessage=null], 
TestAssertion [ruleId=RuleId [specification=ISO 14289-1:2014, clause=7.18.1, testNumber=2], status=failed,
message=An annotation (except Widget annotations or hidden annotations, or those having rectangle outside the crop-box) shall have either Contents key or an Alt entry in the enclosing structure element,
location=Location [level=CosDocument, context=root/document[0]/pages[23](1514 0 obj PDPage)/annots[3](1517 0 obj PDLinkAnnot)], locationContext=null, errorMessage=null], 
TestAssertion [ruleId=RuleId [specification=ISO 14289-1:2014, clause=7.18.5, testNumber=2], status=failed,
message=Links shall contain an alternate description via their Contents key as described in ISO 32000-1:2008, 14.9.3,
location=Location [level=CosDocument, context=root/document[0]/pages[25](1774 0 obj PDPage)/annots[1](1698 0 obj PDLinkAnnot)], locationContext=null, errorMessage=null], 
TestAssertion [ruleId=RuleId [specification=ISO 14289-1:2014, clause=7.18.5, testNumber=1], status=failed,
message=Links shall be tagged according to ISO 32000-1:2008, 14.8.4.4.2, Link Element,
location=Location [level=CosDocument, context=root/document[0]/pages[25](1774 0 obj PDPage)/annots[1](1698 0 obj PDLinkAnnot)], locationContext=null, errorMessage=null], 
TestAssertion [ruleId=RuleId [specification=ISO 14289-1:2014, clause=7.18.1, testNumber=2], status=failed,
message=An annotation (except Widget annotations or hidden annotations, or those having rectangle outside the crop-box) shall have either Contents key or an Alt entry in the enclosing structure element,
location=Location [level=CosDocument, context=root/document[0]/pages[25](1774 0 obj PDPage)/annots[1](1698 0 obj PDLinkAnnot)], locationContext=null, errorMessage=null], 
TestAssertion [ruleId=RuleId [specification=ISO 14289-1:2014, clause=7.18.5, testNumber=2], status=failed,
message=Links shall contain an alternate description via their Contents key as described in ISO 32000-1:2008, 14.9.3,
location=Location [level=CosDocument, context=root/document[0]/pages[25](1774 0 obj PDPage)/annots[3](1701 0 obj PDLinkAnnot)], locationContext=null, errorMessage=null], 
TestAssertion [ruleId=RuleId [specification=ISO 14289-1:2014, clause=7.18.5, testNumber=1], status=failed,
message=Links shall be tagged according to ISO 32000-1:2008, 14.8.4.4.2, Link Element,
location=Location [level=CosDocument, context=root/document[0]/pages[25](1774 0 obj PDPage)/annots[3](1701 0 obj PDLinkAnnot)], locationContext=null, errorMessage=null], 
TestAssertion [ruleId=RuleId [specification=ISO 14289-1:2014, clause=7.18.1, testNumber=2], status=failed,
message=An annotation (except Widget annotations or hidden annotations, or those having rectangle outside the crop-box) shall have either Contents key or an Alt entry in the enclosing structure element,
location=Location [level=CosDocument, context=root/document[0]/pages[25](1774 0 obj PDPage)/annots[3](1701 0 obj PDLinkAnnot)], locationContext=null, errorMessage=null]], isCompliant=false]
